INFO 2022-01-24 14:27:07,057 autoreload 21812 139946164685824 Watching for file changes with StatReloader
INFO 2022-01-24 14:29:44,063 basehttp 21812 139945998132800 "GET / HTTP/1.1" 200 3838
WARNING 2022-01-24 14:29:44,434 basehttp 21812 139945998132800 "GET /favicon.ico HTTP/1.1" 404 3501
INFO 2022-01-24 14:30:12,388 basehttp 21812 139945998132800 "GET /accounts/ HTTP/1.1" 200 2941
INFO 2022-01-24 14:30:12,459 basehttp 21812 139945998132800 "GET /static/accounts/css/login.css HTTP/1.1" 200 603
INFO 2022-01-24 14:30:19,630 basehttp 21812 139945998132800 "POST /accounts/ HTTP/1.1" 200 3159
INFO 2022-01-24 14:30:26,392 basehttp 21812 139945998132800 "POST /accounts/ HTTP/1.1" 200 3159
INFO 2022-01-24 14:30:38,426 basehttp 21812 139945998132800 "POST /accounts/ HTTP/1.1" 302 0
INFO 2022-01-24 14:30:38,461 basehttp 21812 139945998132800 "GET / HTTP/1.1" 200 5255
INFO 2022-01-24 14:30:44,877 basehttp 21812 139945998132800 "GET /admin/ HTTP/1.1" 200 30382
INFO 2022-01-24 14:30:44,908 basehttp 21812 139945998132800 "GET /static/admin/css/base.css HTTP/1.1" 304 0
INFO 2022-01-24 14:30:44,914 basehttp 21812 139945998132800 "GET /static/jet/css/icons/style.css?v=1.0.8 HTTP/1.1" 304 0
INFO 2022-01-24 14:30:44,920 basehttp 21812 139945989740096 "GET /static/jet/css/vendor.css?v=1.0.8 HTTP/1.1" 304 0
INFO 2022-01-24 14:30:44,932 basehttp 21812 139945970595392 "GET /static/jet/css/themes/default/jquery-ui.theme.css?v=1.0.8 HTTP/1.1" 304 0
INFO 2022-01-24 14:30:44,933 basehttp 21812 139945953809984 "GET /static/admin/css/dashboard.css HTTP/1.1" 304 0
INFO 2022-01-24 14:30:44,934 basehttp 21812 139945962202688 "GET /static/jet/css/themes/default/base.css?v=1.0.8 HTTP/1.1" 304 0
INFO 2022-01-24 14:30:44,939 basehttp 21812 139945978988096 "GET /static/jet/css/themes/default/select2.theme.css?v=1.0.8 HTTP/1.1" 304 0
INFO 2022-01-24 14:30:44,948 basehttp 21812 139945989740096 "GET /jet/jsi18n/ HTTP/1.1" 200 12869
INFO 2022-01-24 14:30:44,966 basehttp 21812 139945989740096 "GET /static/jet/js/i18n/select2/uk.js?v=1.0.8 HTTP/1.1" 304 0
INFO 2022-01-24 14:30:44,967 basehttp 21812 139945998132800 "GET /static/jet/js/i18n/jquery-ui/datepicker-uk.js?v=1.0.8 HTTP/1.1" 304 0
INFO 2022-01-24 14:30:44,975 basehttp 21812 139945998132800 "GET /static/jet/js/build/bundle.min.js?v=1.0.8 HTTP/1.1" 304 0
INFO 2022-01-24 14:30:45,457 basehttp 21812 139945998132800 "GET /admin/ HTTP/1.1" 200 30382
INFO 2022-01-24 14:30:45,604 basehttp 21812 139945998132800 "GET /static/jet/css/icons/fonts/jet-icons.ttf?415d6s HTTP/1.1" 304 0
INFO 2022-01-24 14:30:49,452 basehttp 21812 139945998132800 "GET /admin/accounts/customer/ HTTP/1.1" 200 29658
INFO 2022-01-24 14:30:49,509 basehttp 21812 139945989740096 "GET /jet/jsi18n/ HTTP/1.1" 200 12869
INFO 2022-01-24 14:30:49,513 basehttp 21812 139945978988096 "GET /static/admin/css/changelists.css HTTP/1.1" 304 0
INFO 2022-01-24 14:30:49,524 basehttp 21812 139945989740096 "GET /static/admin/js/jquery.init.js HTTP/1.1" 304 0
INFO 2022-01-24 14:30:49,530 basehttp 21812 139945998132800 "GET /admin/jsi18n/ HTTP/1.1" 200 12869
INFO 2022-01-24 14:30:49,531 basehttp 21812 139945978988096 "GET /static/admin/js/admin/RelatedObjectLookups.js HTTP/1.1" 304 0
INFO 2022-01-24 14:30:49,532 basehttp 21812 139945962202688 "GET /static/admin/js/vendor/jquery/jquery.js HTTP/1.1" 304 0
INFO 2022-01-24 14:30:49,557 basehttp 21812 139945962202688 "GET /static/admin/js/core.js HTTP/1.1" 304 0
INFO 2022-01-24 14:30:49,564 basehttp 21812 139945998132800 "GET /static/admin/js/actions.js HTTP/1.1" 304 0
INFO 2022-01-24 14:30:49,565 basehttp 21812 139945978988096 "GET /static/admin/js/prepopulate.js HTTP/1.1" 304 0
INFO 2022-01-24 14:30:49,564 basehttp 21812 139945962202688 "GET /static/admin/js/urlify.js HTTP/1.1" 304 0
INFO 2022-01-24 14:30:49,581 basehttp 21812 139945978988096 "GET /static/admin/js/vendor/xregexp/xregexp.js HTTP/1.1" 304 0
INFO 2022-01-24 14:30:49,618 basehttp 21812 139945998132800 "GET /static/admin/img/search.svg HTTP/1.1" 304 0
INFO 2022-01-24 14:30:52,208 basehttp 21812 139945998132800 "GET /admin/ HTTP/1.1" 200 30382
INFO 2022-01-24 14:30:54,932 basehttp 21812 139945998132800 "GET /admin/products/products/ HTTP/1.1" 200 26268
INFO 2022-01-24 14:30:54,973 basehttp 21812 139945978988096 "GET /jet/jsi18n/ HTTP/1.1" 200 12869
INFO 2022-01-24 14:30:55,008 basehttp 21812 139945998132800 "GET /admin/jsi18n/ HTTP/1.1" 200 12869
INFO 2022-01-24 14:30:57,736 basehttp 21812 139945998132800 "GET /admin/products/ HTTP/1.1" 200 26117
INFO 2022-01-24 14:30:57,780 basehttp 21812 139945998132800 "GET /jet/jsi18n/ HTTP/1.1" 200 12869
INFO 2022-01-24 14:30:59,333 basehttp 21812 139945998132800 "GET /admin/products/category/ HTTP/1.1" 200 26268
INFO 2022-01-24 14:30:59,377 basehttp 21812 139945978988096 "GET /jet/jsi18n/ HTTP/1.1" 200 12869
INFO 2022-01-24 14:30:59,395 basehttp 21812 139945998132800 "GET /admin/jsi18n/ HTTP/1.1" 200 12869
INFO 2022-01-24 14:31:00,906 basehttp 21812 139945998132800 "GET /admin/products/category/add/ HTTP/1.1" 200 26965
INFO 2022-01-24 14:31:00,972 basehttp 21812 139945998132800 "GET /jet/jsi18n/ HTTP/1.1" 200 12869
INFO 2022-01-24 14:31:00,973 basehttp 21812 139945962202688 "GET /static/admin/css/forms.css HTTP/1.1" 304 0
INFO 2022-01-24 14:31:00,978 basehttp 21812 139945962202688 "GET /static/admin/js/prepopulate_init.js HTTP/1.1" 304 0
INFO 2022-01-24 14:31:00,984 basehttp 21812 139945978988096 "GET /admin/jsi18n/ HTTP/1.1" 200 12869
INFO 2022-01-24 14:31:01,003 basehttp 21812 139945978988096 "GET /static/admin/js/change_form.js HTTP/1.1" 304 0
INFO 2022-01-24 14:31:07,458 basehttp 21812 139945978988096 "POST /admin/products/category/add/ HTTP/1.1" 302 0
INFO 2022-01-24 14:31:07,521 basehttp 21812 139945978988096 "GET /admin/products/category/ HTTP/1.1" 200 27666
INFO 2022-01-24 14:31:07,562 basehttp 21812 139945962202688 "GET /jet/jsi18n/ HTTP/1.1" 200 12869
INFO 2022-01-24 14:31:07,580 basehttp 21812 139945978988096 "GET /admin/jsi18n/ HTTP/1.1" 200 12869
INFO 2022-01-24 14:31:09,879 basehttp 21812 139945978988096 "GET /admin/products/ HTTP/1.1" 200 26117
INFO 2022-01-24 14:31:09,915 basehttp 21812 139945978988096 "GET /jet/jsi18n/ HTTP/1.1" 200 12869
INFO 2022-01-24 14:31:11,726 basehttp 21812 139945978988096 "GET /admin/products/products/ HTTP/1.1" 200 26268
INFO 2022-01-24 14:31:11,784 basehttp 21812 139945962202688 "GET /jet/jsi18n/ HTTP/1.1" 200 12869
INFO 2022-01-24 14:31:11,798 basehttp 21812 139945978988096 "GET /admin/jsi18n/ HTTP/1.1" 200 12869
INFO 2022-01-24 14:31:13,733 basehttp 21812 139945978988096 "GET /admin/products/products/add/ HTTP/1.1" 200 32735
INFO 2022-01-24 14:31:13,779 basehttp 21812 139945978988096 "GET /jet/jsi18n/ HTTP/1.1" 200 12869
INFO 2022-01-24 14:31:13,796 basehttp 21812 139945962202688 "GET /admin/jsi18n/ HTTP/1.1" 200 12869
INFO 2022-01-24 14:31:13,837 basehttp 21812 139945962202688 "GET /static/admin/img/icon-changelink.svg HTTP/1.1" 304 0
INFO 2022-01-24 14:31:13,843 basehttp 21812 139945962202688 "GET /static/admin/img/icon-addlink.svg HTTP/1.1" 304 0
INFO 2022-01-24 14:31:13,844 basehttp 21812 139945978988096 "GET /static/admin/img/icon-deletelink.svg HTTP/1.1" 304 0
INFO 2022-01-24 14:32:17,448 basehttp 21812 139945978988096 "POST /admin/products/products/add/ HTTP/1.1" 302 0
INFO 2022-01-24 14:32:17,522 basehttp 21812 139945978988096 "GET /admin/products/products/ HTTP/1.1" 200 30473
INFO 2022-01-24 14:32:17,559 basehttp 21812 139945962202688 "GET /jet/jsi18n/ HTTP/1.1" 200 12869
INFO 2022-01-24 14:32:17,601 basehttp 21812 139945978988096 "GET /admin/jsi18n/ HTTP/1.1" 200 12869
INFO 2022-01-24 14:32:19,297 basehttp 21812 139945978988096 "GET / HTTP/1.1" 200 6081
INFO 2022-01-24 14:32:19,334 basehttp 21812 139945978988096 "GET /media/Kyiv_Maidan_shutterstock_1423896587.jpg HTTP/1.1" 200 87998
INFO 2022-01-24 14:32:30,501 basehttp 21812 139945978988096 "GET /add_to_cart/a14e6b08-fe3d-4563-bcfd-9e0ba1f28169 HTTP/1.1" 302 0
INFO 2022-01-24 14:32:30,530 basehttp 21812 139945978988096 "GET / HTTP/1.1" 200 6081
INFO 2022-01-24 14:32:30,560 basehttp 21812 139945978988096 "GET /media/Kyiv_Maidan_shutterstock_1423896587.jpg HTTP/1.1" 304 0
INFO 2022-01-24 14:33:40,289 autoreload 23616 140600127159296 Watching for file changes with StatReloader
INFO 2022-01-24 14:33:42,381 basehttp 23616 140600028010048 "GET / HTTP/1.1" 200 6081
INFO 2022-01-24 14:33:42,418 basehttp 23616 140600028010048 "GET /media/Kyiv_Maidan_shutterstock_1423896587.jpg HTTP/1.1" 304 0
INFO 2022-01-24 14:33:44,517 basehttp 23616 140600028010048 "GET /add_to_cart/a14e6b08-fe3d-4563-bcfd-9e0ba1f28169 HTTP/1.1" 302 0
INFO 2022-01-24 14:33:44,544 basehttp 23616 140600028010048 "GET / HTTP/1.1" 200 6081
INFO 2022-01-24 14:33:58,498 basehttp 23616 140600028010048 "GET /pythona14e6b08-fe3d-4563-bcfd-9e0ba1f28169/ HTTP/1.1" 200 6082
INFO 2022-01-24 14:33:58,539 basehttp 23616 140600028010048 "GET /media/Kyiv_Maidan_shutterstock_1423896587.jpg HTTP/1.1" 304 0
INFO 2022-01-24 14:34:01,544 basehttp 23616 140600028010048 "GET /add_to_cart/a14e6b08-fe3d-4563-bcfd-9e0ba1f28169 HTTP/1.1" 302 0
INFO 2022-01-24 14:34:01,567 basehttp 23616 140600028010048 "GET / HTTP/1.1" 200 6081
